time="2020-05-15T14:48:45+09:00" level=debug msg="engine has been started"
time="2020-05-15T14:48:45+09:00" level=debug msg="1) HTTP server has been started"
time="2020-05-15T14:48:53+09:00" level=info msg="SCHEDULE RESERVED" cronEntryId=1 jobId=1 schedule="* * * * *"
time="2020-05-15T14:48:55+09:00" level=info msg="SCHEDULE REMOVED" cronEntryId=0xc000178f38 jobId=1
time="2020-05-15T14:48:55+09:00" level=info msg="SCHEDULE RESERVED" cronEntryId=2 jobId=1 schedule="* * * * *"
time="2020-05-15T14:49:00+09:00" level=info msg="RUN SCHEDULER" jobId=1
time="2020-05-15T14:49:00+09:00" level=error msg="failed to initialize the keeper; storage directory does not exist: ddd" backupType=1 jobId=1 storageId=1
time="2020-05-15T14:49:02+09:00" level=info msg="SCHEDULE REMOVED" cronEntryId=0xc000415a98 jobId=1
time="2020-05-15T14:49:02+09:00" level=info msg="SCHEDULE RESERVED" cronEntryId=3 jobId=1 schedule="0 * * * *"
time="2020-05-15T14:49:06+09:00" level=info msg="SCHEDULE REMOVED" cronEntryId=0xc000179388 jobId=1
time="2020-05-15T14:49:06+09:00" level=info msg="SCHEDULE RESERVED" cronEntryId=4 jobId=1 schedule="0 * * * *"
time="2020-05-15T15:00:00+09:00" level=info msg="RUN SCHEDULER" jobId=1
time="2020-05-15T15:00:00+09:00" level=info msg="generating initial data from c:\\temp\\dir1"
time="2020-05-15T15:00:00+09:00" level=info msg="backup started ------------------------------" dir="c:\\temp\\dir1" host=local protocol=1
time="2020-05-15T15:00:00+09:00" level=info msg="read files" dir="c:\\temp\\dir1" execTime=0.2204945 files=4302 size="222562212(223 MB)"
time="2020-05-15T15:00:00+09:00" level=info msg="## all backup processes done" backupId=40 execTime=0.2419693
time="2020-05-15T15:08:43+09:00" level=info msg="received signal, shutting down.."
time="2020-05-15T15:08:43+09:00" level=info msg="2) got stop signal from engine"
time="2020-05-15T15:08:43+09:00" level=debug msg="3) HTTP server has been stopped"
time="2020-05-15T15:08:43+09:00" level=info msg="server has been stopped"
time="2020-05-15T15:08:43+09:00" level=debug msg="engine has been stopped"
time="2020-05-15T15:33:06+09:00" level=debug msg="engine has been started"
time="2020-05-15T15:33:06+09:00" level=debug msg="1) HTTP server has been started"
time="2020-06-05T16:09:05+09:00" level=info msg="server has been started; listening on :8000"
time="2020-06-05T16:10:10+09:00" level=info msg="received signal, shutting down.."
time="2020-06-05T16:10:10+09:00" level=info msg="server has been stopped"
time="2020-06-05T16:10:13+09:00" level=info msg="server has been started; listening on :8000"
time="2020-06-05T16:10:54+09:00" level=info msg="received signal, shutting down.."
time="2020-06-05T16:10:54+09:00" level=info msg="server has been stopped"
time="2020-06-05T16:10:57+09:00" level=info msg="server has been started; listening on :8000"
time="2020-06-05T16:11:33+09:00" level=info msg="received signal, shutting down.."
time="2020-06-05T16:11:33+09:00" level=info msg="server has been stopped"
time="2020-06-05T16:11:36+09:00" level=info msg="server has been started; listening on :8000"
time="2020-06-05T16:19:28+09:00" level=info msg="received signal, shutting down.."
time="2020-06-05T16:19:28+09:00" level=info msg="server has been stopped"
time="2020-06-05T16:19:31+09:00" level=info msg="server has been started; listening on :8000"
time="2020-06-05T16:19:41+09:00" level=info msg="received signal, shutting down.."
time="2020-06-05T16:19:41+09:00" level=info msg="server has been stopped"
time="2020-06-05T16:19:44+09:00" level=info msg="server has been started; listening on :8000"
time="2020-06-05T16:20:23+09:00" level=info msg="received signal, shutting down.."
time="2020-06-05T16:20:23+09:00" level=info msg="server has been stopped"
time="2020-06-05T16:20:26+09:00" level=info msg="server has been started; listening on :8000"
time="2020-06-05T16:20:39+09:00" level=info msg="received signal, shutting down.."
time="2020-06-05T16:20:39+09:00" level=info msg="server has been stopped"
time="2020-06-05T16:20:42+09:00" level=info msg="server has been started; listening on :8000"
time="2020-06-05T16:20:52+09:00" level=info msg="received signal, shutting down.."
time="2020-06-05T16:20:52+09:00" level=info msg="server has been stopped"
time="2020-06-05T16:20:55+09:00" level=info msg="server has been started; listening on :8000"
time="2020-06-05T16:21:56+09:00" level=info msg="received signal, shutting down.."
time="2020-06-05T16:21:56+09:00" level=info msg="server has been stopped"
time="2020-06-05T16:27:06+09:00" level=info msg="server has been started; listening on :8000"
time="2020-06-05T16:29:50+09:00" level=info msg="received signal, shutting down.."
time="2020-06-05T16:29:50+09:00" level=info msg="server has been stopped"
time="2020-06-05T16:29:53+09:00" level=info msg="server has been started; listening on :8000"
